<?xml version="1.0" encoding="UTF-8"?>
<testsuite xmlns:xsi="http://www.w3.org/2001/XMLSchema-instance" xsi:noNamespaceSchemaLocation="https://maven.apache.org/surefire/maven-surefire-plugin/xsd/surefire-test-report.xsd" version="3.0.2" name="com.example.demo.DeployAppApplicationTests" time="3.162" tests="1" errors="0" skipped="0" failures="0">
  <properties>
[...]
</properties>
  <testcase name="contextLoads" classname="com.example.demo.DeployAppApplicationTests" time="1.056">
    <system-out><![CDATA[18:49:41.526 [main] INFO org.springframework.test.context.support.AnnotationConfigContextLoaderUtils -- Could not detect default configuration classes for test class [com.example.demo.DeployAppApplicationTests]: DeployAppApplicationTests does not declare any static, non-private, non-final, nested classes annotated with @Configuration.
18:49:41.671 [main] INFO org.springframework.boot.test.context.SpringBootTestContextBootstrapper -- Found @SpringBootConfiguration com.example.demo.DeployAppApplication for test class com.example.demo.DeployAppApplicationTests

  .   ____          _            __ _ _
 /\\ / ___'_ __ _ _(_)_ __  __ _ \ \ \ \
( ( )\___ | '_ | '_| | '_ \/ _` | \ \ \ \
 \\/  ___)| |_)| | | | | || (_| |  ) ) ) )
  '  |____| .__|_| |_|_| |_\__, | / / / /
 =========|_|==============|___/=/_/_/_/

 :: Spring Boot ::                (v3.5.3)

2025-07-14T18:49:42.224+05:30  INFO 10228 --- [deploy-app] [           main] c.e.demo.DeployAppApplicationTests       : Starting DeployAppApplicationTests using Java 17.0.4.1 with PID 10228 (started by SantoshKumar.Mahto in C:\Users\santoshkumar.mahto\Desktop\2025\Abhimanu\micro-service-deployment-demo)
2025-07-14T18:49:42.226+05:30  INFO 10228 --- [deploy-app] [           main] c.e.demo.DeployAppApplicationTests       : No active profile set, falling back to 1 default profile: "default"
2025-07-14T18:49:43.465+05:30  INFO 10228 --- [deploy-app] [           main] c.e.demo.DeployAppApplicationTests       : Started DeployAppApplicationTests in 1.601 seconds (process running for 2.801)
]]></system-out>
  </testcase>
</testsuite>